app/build/intermediates/manifest_merge_blame_file/release/manifest-merger-blame-release-report.txt
1<?xml version="1.0" encoding="utf-8"?>
2<manifest xmlns:android="http://schemas.android.com/apk/res/android"
3    package="io.dcloud.uniapp"
4    android:versionCode="100"
5    android:versionName="1.0.0" >
6
7    <uses-sdk
8        android:minSdkVersion="21"
8-->src\main\AndroidManifest.xml
9        android:targetSdkVersion="28" />
9-->src\main\AndroidManifest.xml
10
11    <uses-permission android:name="android.permission.CHANGE_NETWORK_STATE" />
11-->src\main\AndroidManifest.xml:6:5-78
11-->src\main\AndroidManifest.xml:6:22-76
12    <uses-permission android:name="android.permission.MOUNT_UNMOUNT_FILESYSTEMS" />
12-->src\main\AndroidManifest.xml:7:5-8:47
12-->src\main\AndroidManifest.xml:7:22-81
13    <uses-permission android:name="android.permission.VIBRATE" />
13-->src\main\AndroidManifest.xml:9:5-65
13-->src\main\AndroidManifest.xml:9:22-63
14    <uses-permission android:name="android.permission.READ_LOGS" />
14-->src\main\AndroidManifest.xml:10:5-11:47
14-->src\main\AndroidManifest.xml:10:22-65
15    <uses-permission android:name="android.permission.ACCESS_WIFI_STATE" />
15-->src\main\AndroidManifest.xml:12:5-75
15-->src\main\AndroidManifest.xml:12:22-73
16
17    <uses-feature android:name="android.hardware.camera.autofocus" />
17-->src\main\AndroidManifest.xml:13:5-69
17-->src\main\AndroidManifest.xml:13:19-67
18
19    <uses-permission android:name="android.permission.ACCESS_NETWORK_STATE" />
19-->src\main\AndroidManifest.xml:14:5-78
19-->src\main\AndroidManifest.xml:14:22-76
20    <uses-permission android:name="android.permission.CAMERA" />
20-->src\main\AndroidManifest.xml:15:5-64
20-->src\main\AndroidManifest.xml:15:22-62
21    <uses-permission android:name="android.permission.GET_ACCOUNTS" />
21-->src\main\AndroidManifest.xml:16:5-70
21-->src\main\AndroidManifest.xml:16:22-68
22    <uses-permission android:name="android.permission.READ_PHONE_STATE" />
22-->src\main\AndroidManifest.xml:17:5-74
22-->src\main\AndroidManifest.xml:17:22-72
23    <uses-permission android:name="android.permission.CHANGE_WIFI_STATE" />
23-->src\main\AndroidManifest.xml:18:5-75
23-->src\main\AndroidManifest.xml:18:22-73
24    <uses-permission android:name="android.permission.WAKE_LOCK" />
24-->src\main\AndroidManifest.xml:19:5-67
24-->src\main\AndroidManifest.xml:19:22-65
25    <uses-permission android:name="android.permission.FLASHLIGHT" />
25-->src\main\AndroidManifest.xml:20:5-68
25-->src\main\AndroidManifest.xml:20:22-66
26
27    <uses-feature android:name="android.hardware.camera" />
27-->src\main\AndroidManifest.xml:21:5-59
27-->src\main\AndroidManifest.xml:21:19-57
28
29    <uses-permission android:name="android.permission.WRITE_SETTINGS" />
29-->src\main\AndroidManifest.xml:22:5-23:47
29-->src\main\AndroidManifest.xml:22:22-70
30    <uses-permission android:name="android.permission.BLUETOOTH" />
30-->src\main\AndroidManifest.xml:24:5-67
30-->src\main\AndroidManifest.xml:24:22-65
31    <uses-permission android:name="android.permission.BLUETOOTH_ADMIN" />
31-->src\main\AndroidManifest.xml:25:5-73
31-->src\main\AndroidManifest.xml:25:22-71
32    <uses-permission android:name="android.permission.BLUETOOTH_PRIVILEGED" />
32-->src\main\AndroidManifest.xml:26:5-27:47
32-->src\main\AndroidManifest.xml:26:22-76
33
34    <!-- 霍尼韦尔打印机 - 权限 -->
35    <uses-permission android:name="android.permission.BLUETOOTH_CONNECT" />
35-->src\main\AndroidManifest.xml:30:5-75
35-->src\main\AndroidManifest.xml:30:22-73
36    <uses-permission android:name="android.permission.BLUETOOTH_SCAN" />
36-->src\main\AndroidManifest.xml:31:5-72
36-->src\main\AndroidManifest.xml:31:22-70
37    <uses-permission android:name="android.permission.INTERNET" />
37-->src\main\AndroidManifest.xml:32:5-67
37-->src\main\AndroidManifest.xml:32:22-64
38    <uses-permission android:name="android.permission.ACCESS_COARSE_LOCATION" />
38-->src\main\AndroidManifest.xml:33:5-81
38-->src\main\AndroidManifest.xml:33:22-78
39    <uses-permission android:name="android.permission.ACCESS_FINE_LOCATION" />
39-->src\main\AndroidManifest.xml:34:5-79
39-->src\main\AndroidManifest.xml:34:22-76
40    <uses-permission android:name="android.permission.ACCESS_BACKGROUND_LOCATION" />
40-->src\main\AndroidManifest.xml:35:5-85
40-->src\main\AndroidManifest.xml:35:22-82
41
42    <uses-feature
42-->src\main\AndroidManifest.xml:36:5-86
43        android:name="android.hardware.bluetooth"
43-->src\main\AndroidManifest.xml:36:19-60
44        android:required="true" />
44-->src\main\AndroidManifest.xml:36:61-84
45
46    <supports-screens
46-->[lib.5plus.base-release.aar] AndroidManifest.xml:7:5-12:39
47        android:anyDensity="true"
47-->[lib.5plus.base-release.aar] AndroidManifest.xml:8:9-34
48        android:largeScreens="true"
48-->[lib.5plus.base-release.aar] AndroidManifest.xml:9:9-36
49        android:normalScreens="true"
49-->[lib.5plus.base-release.aar] AndroidManifest.xml:10:9-37
50        android:resizeable="true"
50-->[lib.5plus.base-release.aar] AndroidManifest.xml:11:9-34
51        android:smallScreens="true" />
51-->[lib.5plus.base-release.aar] AndroidManifest.xml:12:9-36
52
53    <uses-permission android:name="android.permission.WRITE_EXTERNAL_STORAGE" />
53-->[lib.5plus.base-release.aar] AndroidManifest.xml:14:5-81
53-->[lib.5plus.base-release.aar] AndroidManifest.xml:14:22-78
54    <!--
55    <uses-permission
56        android:name="com.android.launcher.permission.UNINSTALL_SHORTCUT" />
57    -->
58    <!-- 华为修改角标需要设置权限 -->
59    <uses-permission android:name="com.huawei.android.launcher.permission.CHANGE_BADGE" /> <!-- vivo 修改角标需要设置权限 -->
59-->[lib.5plus.base-release.aar] AndroidManifest.xml:22:5-91
59-->[lib.5plus.base-release.aar] AndroidManifest.xml:22:22-88
60    <uses-permission android:name="com.vivo.notification.permission.BADGE_ICON" />
60-->[lib.5plus.base-release.aar] AndroidManifest.xml:24:5-83
60-->[lib.5plus.base-release.aar] AndroidManifest.xml:24:22-80
61
62    <queries>
62-->[lib.5plus.base-release.aar] AndroidManifest.xml:26:5-35:15
63        <intent>
63-->[lib.5plus.base-release.aar] AndroidManifest.xml:27:9-29:18
64            <action android:name="android.intent.action.MAIN" />
64-->src\main\AndroidManifest.xml:55:17-69
64-->src\main\AndroidManifest.xml:55:25-66
65        </intent>
66        <intent>
66-->[lib.5plus.base-release.aar] AndroidManifest.xml:30:9-34:18
67            <action android:name="android.intent.action.VIEW" />
67-->src\main\AndroidManifest.xml:71:17-69
67-->src\main\AndroidManifest.xml:71:25-66
68
69            <category android:name="android.intent.category.DEFAULT" />
69-->src\main\AndroidManifest.xml:69:17-76
69-->src\main\AndroidManifest.xml:69:27-73
70        </intent>
71    </queries>
72
73    <uses-permission android:name="android.permission.READ_EXTERNAL_STORAGE" />
74    <uses-permission android:name="com.asus.msa.SupplementaryDID.ACCESS" />
74-->[oaid_sdk_1.0.25.aar] AndroidManifest.xml:13:5-76
74-->[oaid_sdk_1.0.25.aar] AndroidManifest.xml:13:22-73
75    <uses-permission android:name="freemme.permission.msa" />
75-->[oaid_sdk_1.0.25.aar] AndroidManifest.xml:15:5-62
75-->[oaid_sdk_1.0.25.aar] AndroidManifest.xml:15:22-59
76
77    <application
77-->src\main\AndroidManifest.xml:38:5-84:19
78        android:name="io.dcloud.application.DCloudApplication"
78-->[lib.5plus.base-release.aar] AndroidManifest.xml:168:9-63
79        android:allowBackup="true"
79-->src\main\AndroidManifest.xml:39:9-35
80        android:allowClearUserData="true"
80-->src\main\AndroidManifest.xml:40:9-42
81        android:appComponentFactory="androidx.core.app.CoreComponentFactory"
81-->[androidx.core:core:1.3.1] AndroidManifest.xml:24:18-86
82        android:extractNativeLibs="true"
82-->[uniapp-v8-release.aar] AndroidManifest.xml:29:18-50
83        android:icon="@drawable/icon"
83-->src\main\AndroidManifest.xml:41:9-38
84        android:label="@string/app_name"
84-->src\main\AndroidManifest.xml:42:9-41
85        android:largeHeap="true"
85-->src\main\AndroidManifest.xml:43:9-33
86        android:supportsRtl="true"
86-->src\main\AndroidManifest.xml:44:9-35
87        android:usesCleartextTraffic="true" >
87-->[lib.5plus.base-release.aar] AndroidManifest.xml:170:9-44
88        <activity
88-->src\main\AndroidManifest.xml:45:9-58:20
89            android:name="io.dcloud.PandoraEntry"
89-->src\main\AndroidManifest.xml:46:13-50
90            android:configChanges="orientation|keyboardHidden|keyboard|navigation"
90-->src\main\AndroidManifest.xml:47:13-83
91            android:hardwareAccelerated="true"
91-->src\main\AndroidManifest.xml:50:13-47
92            android:label="@string/app_name"
92-->src\main\AndroidManifest.xml:48:13-45
93            android:launchMode="singleTask"
93-->src\main\AndroidManifest.xml:49:13-44
94            android:screenOrientation="user"
94-->src\main\AndroidManifest.xml:52:13-45
95            android:theme="@style/TranslucentTheme"
95-->src\main\AndroidManifest.xml:51:13-52
96            android:windowSoftInputMode="adjustResize" >
96-->src\main\AndroidManifest.xml:53:13-55
97            <intent-filter>
97-->src\main\AndroidManifest.xml:54:13-57:29
98                <action android:name="android.intent.action.MAIN" />
98-->src\main\AndroidManifest.xml:55:17-69
98-->src\main\AndroidManifest.xml:55:25-66
99
100                <category android:name="android.intent.category.LAUNCHER" />
100-->src\main\AndroidManifest.xml:56:17-77
100-->src\main\AndroidManifest.xml:56:27-74
101            </intent-filter>
102        </activity>
103        <activity
103-->src\main\AndroidManifest.xml:59:9-74:20
104            android:name="io.dcloud.PandoraEntryActivity"
104-->src\main\AndroidManifest.xml:60:13-58
105            android:configChanges="orientation|keyboardHidden|screenSize|mcc|mnc|fontScale|keyboard|smallestScreenSize|screenLayout|screenSize"
105-->src\main\AndroidManifest.xml:62:13-144
106            android:hardwareAccelerated="true"
106-->src\main\AndroidManifest.xml:63:13-47
107            android:launchMode="singleTask"
107-->src\main\AndroidManifest.xml:61:13-44
108            android:permission="com.miui.securitycenter.permission.AppPermissionsEditor"
108-->src\main\AndroidManifest.xml:64:13-89
109            android:screenOrientation="user"
109-->src\main\AndroidManifest.xml:65:13-45
110            android:theme="@style/DCloudTheme"
110-->src\main\AndroidManifest.xml:66:13-47
111            android:windowSoftInputMode="adjustResize" >
111-->src\main\AndroidManifest.xml:67:13-55
112            <intent-filter>
112-->src\main\AndroidManifest.xml:68:13-73:29
113                <category android:name="android.intent.category.DEFAULT" />
113-->src\main\AndroidManifest.xml:69:17-76
113-->src\main\AndroidManifest.xml:69:27-73
114                <category android:name="android.intent.category.BROWSABLE" />
114-->src\main\AndroidManifest.xml:70:17-78
114-->src\main\AndroidManifest.xml:70:27-75
115
116                <action android:name="android.intent.action.VIEW" />
116-->src\main\AndroidManifest.xml:71:17-69
116-->src\main\AndroidManifest.xml:71:25-66
117
118                <data android:scheme="h56131bcf" />
118-->src\main\AndroidManifest.xml:72:17-52
118-->src\main\AndroidManifest.xml:72:23-49
119            </intent-filter>
120        </activity>
121
122        <meta-data
122-->src\main\AndroidManifest.xml:75:9-77:64
123            android:name="dcloud_appkey"
123-->src\main\AndroidManifest.xml:76:13-41
124            android:value="b8ec35557b6660dac45b698d3c8f2bc4" />
124-->src\main\AndroidManifest.xml:77:13-61
125
126        <!-- 霍尼韦尔打印配置 - 开始 -->
127        <activity
127-->src\main\AndroidManifest.xml:80:9-82:45
128            android:name="com.wwzh.az.print.HoneywellPrinter"
128-->src\main\AndroidManifest.xml:80:19-68
129            android:screenOrientation="portrait" />
129-->src\main\AndroidManifest.xml:81:13-49
130        <!-- 霍尼韦尔打印配置 - 结束 -->
131        <!--
132        <activity
133            android:name="io.dcloud.imagepick.CustomGalleryActivity"
134            android:noHistory="true"
135            android:exported="false"/>
136        -->
137        <activity
137-->[lib.5plus.base-release.aar] AndroidManifest.xml:179:9-185:58
138            android:name="io.dcloud.feature.nativeObj.photoview.PhotoActivity"
138-->[lib.5plus.base-release.aar] AndroidManifest.xml:180:13-79
139            android:configChanges="orientation|keyboardHidden"
139-->[lib.5plus.base-release.aar] AndroidManifest.xml:181:13-63
140            android:exported="false"
140-->[lib.5plus.base-release.aar] AndroidManifest.xml:182:13-37
141            android:noHistory="false"
141-->[lib.5plus.base-release.aar] AndroidManifest.xml:183:13-38
142            android:screenOrientation="behind"
142-->[lib.5plus.base-release.aar] AndroidManifest.xml:184:13-47
143            android:theme="@style/DeviceDefault.Light" />
143-->[lib.5plus.base-release.aar] AndroidManifest.xml:185:13-55
144        <activity
144-->[lib.5plus.base-release.aar] AndroidManifest.xml:186:9-195:58
145            android:name="io.dcloud.WebAppActivity"
145-->[lib.5plus.base-release.aar] AndroidManifest.xml:187:13-52
146            android:configChanges="orientation|keyboard|keyboardHidden|smallestScreenSize|screenLayout|screenSize|mcc|mnc|fontScale|navigation"
146-->[lib.5plus.base-release.aar] AndroidManifest.xml:188:13-144
147            android:hardwareAccelerated="true"
147-->[lib.5plus.base-release.aar] AndroidManifest.xml:189:13-47
148            android:icon="@drawable/dcloud_recent"
148-->[lib.5plus.base-release.aar] AndroidManifest.xml:190:13-51
149            android:label="@string/stream_my"
149-->[lib.5plus.base-release.aar] AndroidManifest.xml:191:13-46
150            android:launchMode="singleTask"
150-->[lib.5plus.base-release.aar] AndroidManifest.xml:192:13-44
151            android:screenOrientation="portrait"
151-->[lib.5plus.base-release.aar] AndroidManifest.xml:193:13-49
152            android:theme="@style/DCloudTheme"
152-->[lib.5plus.base-release.aar] AndroidManifest.xml:194:13-47
153            android:windowSoftInputMode="adjustResize" />
153-->[lib.5plus.base-release.aar] AndroidManifest.xml:195:13-55
154        <activity
154-->[lib.5plus.base-release.aar] AndroidManifest.xml:196:9-200:75
155            android:name="io.dcloud.ProcessMediator"
155-->[lib.5plus.base-release.aar] AndroidManifest.xml:197:13-53
156            android:excludeFromRecents="true"
156-->[lib.5plus.base-release.aar] AndroidManifest.xml:198:13-46
157            android:exported="false"
157-->[lib.5plus.base-release.aar] AndroidManifest.xml:199:13-37
158            android:theme="@android:style/Theme.Translucent.NoTitleBar" />
158-->[lib.5plus.base-release.aar] AndroidManifest.xml:200:13-72
159        <activity
159-->[lib.5plus.base-release.aar] AndroidManifest.xml:201:9-207:20
160            android:name="io.dcloud.WebviewActivity"
160-->[lib.5plus.base-release.aar] AndroidManifest.xml:202:13-53
161            android:exported="false"
161-->[lib.5plus.base-release.aar] AndroidManifest.xml:203:13-37
162            android:screenOrientation="portrait"
162-->[lib.5plus.base-release.aar] AndroidManifest.xml:204:13-49
163            android:theme="@style/ThemeNoTitleBar"
163-->[lib.5plus.base-release.aar] AndroidManifest.xml:205:13-51
164            android:windowSoftInputMode="adjustPan" >
164-->[lib.5plus.base-release.aar] AndroidManifest.xml:206:13-52
165        </activity>
166
167        <receiver
167-->[lib.5plus.base-release.aar] AndroidManifest.xml:209:9-217:20
168            android:name="io.dcloud.common.adapter.io.DownloadReceiver"
168-->[lib.5plus.base-release.aar] AndroidManifest.xml:210:13-72
169            android:exported="false" >
169-->[lib.5plus.base-release.aar] AndroidManifest.xml:211:13-37
170            <intent-filter>
170-->[lib.5plus.base-release.aar] AndroidManifest.xml:212:13-216:29
171                <action android:name="android.intent.action.PACKAGE_ADDED" />
171-->[lib.5plus.base-release.aar] AndroidManifest.xml:213:17-78
171-->[lib.5plus.base-release.aar] AndroidManifest.xml:213:25-75
172
173                <data android:scheme="package" /> <!-- HERE! -->
173-->src\main\AndroidManifest.xml:72:17-52
173-->src\main\AndroidManifest.xml:72:23-49
174            </intent-filter>
175        </receiver> <!-- gallery******start -->
176        <activity
176-->[lib.5plus.base-release.aar] AndroidManifest.xml:220:9-225:63
177            android:name="com.dmcbig.mediapicker.PickerActivity"
177-->[lib.5plus.base-release.aar] AndroidManifest.xml:221:13-65
178            android:configChanges="orientation|screenSize"
178-->[lib.5plus.base-release.aar] AndroidManifest.xml:222:13-59
179            android:exported="false"
179-->[lib.5plus.base-release.aar] AndroidManifest.xml:223:13-37
180            android:theme="@style/DeviceDefault.Light"
180-->[lib.5plus.base-release.aar] AndroidManifest.xml:224:13-55
181            android:windowSoftInputMode="stateAlwaysHidden" />
181-->[lib.5plus.base-release.aar] AndroidManifest.xml:225:13-60
182        <activity
182-->[lib.5plus.base-release.aar] AndroidManifest.xml:226:9-231:63
183            android:name="com.dmcbig.mediapicker.PreviewActivity"
183-->[lib.5plus.base-release.aar] AndroidManifest.xml:227:13-66
184            android:configChanges="orientation|screenSize"
184-->[lib.5plus.base-release.aar] AndroidManifest.xml:228:13-59
185            android:exported="false"
185-->[lib.5plus.base-release.aar] AndroidManifest.xml:229:13-37
186            android:theme="@style/DeviceDefault.Light"
186-->[lib.5plus.base-release.aar] AndroidManifest.xml:230:13-55
187            android:windowSoftInputMode="stateAlwaysHidden" /> <!-- gallery******end -->
187-->[lib.5plus.base-release.aar] AndroidManifest.xml:231:13-60
188        <provider
188-->[lib.5plus.base-release.aar] AndroidManifest.xml:234:9-242:20
189            android:name="io.dcloud.common.util.DCloud_FileProvider"
189-->[lib.5plus.base-release.aar] AndroidManifest.xml:235:13-69
190            android:authorities="io.dcloud.uniapp.dc.fileprovider"
190-->[lib.5plus.base-release.aar] AndroidManifest.xml:236:13-67
191            android:exported="false"
191-->[lib.5plus.base-release.aar] AndroidManifest.xml:237:13-37
192            android:grantUriPermissions="true" >
192-->[lib.5plus.base-release.aar] AndroidManifest.xml:238:13-47
193            <meta-data
193-->[lib.5plus.base-release.aar] AndroidManifest.xml:239:13-241:64
194                android:name="android.support.FILE_PROVIDER_PATHS"
194-->[lib.5plus.base-release.aar] AndroidManifest.xml:240:17-67
195                android:resource="@xml/dcloud_file_provider" />
195-->[lib.5plus.base-release.aar] AndroidManifest.xml:241:17-61
196        </provider>
197        <!--
198            <meta-data
199            android:name="DCLOUD_STREAMAPP_CHANNEL"
200            android:value="io.dcloud.%APPID%|%APPID%|" />
201        -->
202        <meta-data
202-->[lib.5plus.base-release.aar] AndroidManifest.xml:249:9-251:35
203            android:name="android.max_aspect"
203-->[lib.5plus.base-release.aar] AndroidManifest.xml:250:13-46
204            android:value="2.4" />
204-->[lib.5plus.base-release.aar] AndroidManifest.xml:251:13-32
205
206        <activity
206-->[lib.5plus.base-release.aar] AndroidManifest.xml:253:9-258:63
207            android:name="io.dcloud.feature.gallery.imageedit.IMGEditActivity"
207-->[lib.5plus.base-release.aar] AndroidManifest.xml:254:13-79
208            android:configChanges="orientation|keyboardHidden|screenSize"
208-->[lib.5plus.base-release.aar] AndroidManifest.xml:255:13-74
209            android:exported="false"
209-->[lib.5plus.base-release.aar] AndroidManifest.xml:256:13-37
210            android:theme="@style/ImageEditTheme"
210-->[lib.5plus.base-release.aar] AndroidManifest.xml:257:13-50
211            android:windowSoftInputMode="stateAlwaysHidden" /> <!-- 广告相关配置开始 -->
211-->[lib.5plus.base-release.aar] AndroidManifest.xml:258:13-60
212        <activity
212-->[lib.5plus.base-release.aar] AndroidManifest.xml:261:9-266:55
213            android:name="io.dcloud.sdk.activity.WebViewActivity"
213-->[lib.5plus.base-release.aar] AndroidManifest.xml:262:13-66
214            android:exported="false"
214-->[lib.5plus.base-release.aar] AndroidManifest.xml:263:13-37
215            android:screenOrientation="portrait"
215-->[lib.5plus.base-release.aar] AndroidManifest.xml:264:13-49
216            android:theme="@style/ThemeNoTitleBar"
216-->[lib.5plus.base-release.aar] AndroidManifest.xml:265:13-51
217            android:windowSoftInputMode="adjustPan" />
217-->[lib.5plus.base-release.aar] AndroidManifest.xml:266:13-52
218
219        <service
219-->[lib.5plus.base-release.aar] AndroidManifest.xml:268:9-271:72
220            android:name="io.dcloud.sdk.base.service.DownloadService"
220-->[lib.5plus.base-release.aar] AndroidManifest.xml:269:13-70
221            android:exported="false"
221-->[lib.5plus.base-release.aar] AndroidManifest.xml:270:13-37
222            android:permission="android.permission.BIND_JOB_SERVICE" />
222-->[lib.5plus.base-release.aar] AndroidManifest.xml:271:13-69
223
224        <provider
224-->[lib.5plus.base-release.aar] AndroidManifest.xml:273:9-281:20
225            android:name="io.dcloud.sdk.base.service.provider.DCloudAdFileProvider"
225-->[lib.5plus.base-release.aar] AndroidManifest.xml:274:13-84
226            android:authorities="io.dcloud.uniapp.dc.fileprovider"
226-->[lib.5plus.base-release.aar] AndroidManifest.xml:275:13-67
227            android:exported="false"
227-->[lib.5plus.base-release.aar] AndroidManifest.xml:276:13-37
228            android:grantUriPermissions="true" >
228-->[lib.5plus.base-release.aar] AndroidManifest.xml:277:13-47
229            <meta-data
229-->[lib.5plus.base-release.aar] AndroidManifest.xml:239:13-241:64
230                android:name="android.support.FILE_PROVIDER_PATHS"
230-->[lib.5plus.base-release.aar] AndroidManifest.xml:240:17-67
231                android:resource="@xml/dcloud_gg_file_provider" />
231-->[lib.5plus.base-release.aar] AndroidManifest.xml:241:17-61
232        </provider>
233
234        <receiver
234-->[uniapp-v8-release.aar] AndroidManifest.xml:30:9-34:20
235            android:name="com.taobao.weex.WXGlobalEventReceiver"
235-->[uniapp-v8-release.aar] AndroidManifest.xml:31:13-65
236            android:enabled="true"
236-->[uniapp-v8-release.aar] AndroidManifest.xml:32:13-35
237            android:exported="false" >
237-->[uniapp-v8-release.aar] AndroidManifest.xml:33:13-37
238        </receiver>
239    </application>
240
241</manifest>